<?xml version="1.0" encoding="UTF-8"?>
<coverage generated="1584889501493" clover="3.2.0">
  <project timestamp="1584889501493" name="All files">
    <metrics statements="65" coveredstatements="65" conditionals="39" coveredconditionals="36" methods="11" coveredmethods="11" elements="115" coveredelements="112" complexity="0" loc="65" ncloc="65" packages="1" files="1" classes="1"/>
    <file name="Planning.js" path="/home/keplyx/expo-projects/application-amicale/utils/Planning.js">
      <metrics statements="65" coveredstatements="65" conditionals="39" coveredconditionals="36" methods="11" coveredmethods="11"/>
      <line num="18" count="1" type="stmt"/>
      <line num="27" count="1" type="stmt"/>
      <line num="38" count="19" type="stmt"/>
      <line num="39" count="19" type="stmt"/>
      <line num="40" count="19" type="cond" truecount="4" falsecount="0"/>
      <line num="41" count="17" type="stmt"/>
      <line num="43" count="2" type="stmt"/>
      <line num="54" count="196" type="cond" truecount="2" falsecount="0"/>
      <line num="55" count="192" type="stmt"/>
      <line num="57" count="4" type="stmt"/>
      <line num="68" count="271" type="cond" truecount="3" falsecount="0"/>
      <line num="81" count="62" type="stmt"/>
      <line num="82" count="62" type="cond" truecount="2" falsecount="0"/>
      <line num="83" count="44" type="stmt"/>
      <line num="84" count="44" type="stmt"/>
      <line num="85" count="44" type="stmt"/>
      <line num="86" count="44" type="stmt"/>
      <line num="91" count="44" type="stmt"/>
      <line num="98" count="18" type="stmt"/>
      <line num="100" count="62" type="stmt"/>
      <line num="111" count="189" type="stmt"/>
      <line num="112" count="189" type="stmt"/>
      <line num="113" count="189" type="stmt"/>
      <line num="114" count="189" type="stmt"/>
      <line num="115" count="189" type="stmt"/>
      <line num="116" count="189" type="stmt"/>
      <line num="133" count="7" type="stmt"/>
      <line num="134" count="7" type="stmt"/>
      <line num="135" count="7" type="stmt"/>
      <line num="137" count="7" type="cond" truecount="5" falsecount="0"/>
      <line num="138" count="2" type="stmt"/>
      <line num="140" count="2" type="cond" truecount="5" falsecount="0"/>
      <line num="143" count="1" type="stmt"/>
      <line num="145" count="1" type="stmt"/>
      <line num="147" count="5" type="cond" truecount="2" falsecount="0"/>
      <line num="148" count="1" type="stmt"/>
      <line num="152" count="7" type="stmt"/>
      <line num="165" count="12" type="cond" truecount="4" falsecount="0"/>
      <line num="166" count="10" type="stmt"/>
      <line num="171" count="2" type="stmt"/>
      <line num="183" count="3" type="stmt"/>
      <line num="184" count="3" type="stmt"/>
      <line num="185" count="3" type="stmt"/>
      <line num="186" count="3" type="stmt"/>
      <line num="187" count="185" type="stmt"/>
      <line num="189" count="185" type="cond" truecount="1" falsecount="1"/>
      <line num="190" count="185" type="stmt"/>
      <line num="192" count="3" type="stmt"/>
      <line num="207" count="1" type="stmt"/>
      <line num="208" count="1" type="stmt"/>
      <line num="209" count="5" type="stmt"/>
      <line num="210" count="5" type="cond" truecount="1" falsecount="1"/>
      <line num="211" count="5" type="stmt"/>
      <line num="212" count="5" type="cond" truecount="1" falsecount="1"/>
      <line num="213" count="5" type="stmt"/>
      <line num="217" count="1" type="stmt"/>
      <line num="229" count="9" type="cond" truecount="2" falsecount="0"/>
      <line num="230" count="4" type="stmt"/>
      <line num="232" count="5" type="stmt"/>
      <line num="233" count="6" type="cond" truecount="2" falsecount="0"/>
      <line num="234" count="2" type="stmt"/>
      <line num="235" count="2" type="stmt"/>
      <line num="236" count="4" type="cond" truecount="2" falsecount="0"/>
      <line num="237" count="3" type="stmt"/>
      <line num="238" count="3" type="stmt"/>
    </file>
  </project>
</coverage>
