{"/home/keplyx/expo-projects/application-amicale/utils/PlanningEventManager.js": {"path":"/home/keplyx/expo-projects/application-amicale/utils/PlanningEventManager.js","statementMap":{"0":{"start":{"line":18,"column":24},"end":{"line":18,"column":57}},"1":{"start":{"line":27,"column":8},"end":{"line":27,"column":71}},"2":{"start":{"line":38,"column":20},"end":{"line":38,"column":65}},"3":{"start":{"line":39,"column":20},"end":{"line":39,"column":65}},"4":{"start":{"line":40,"column":8},"end":{"line":43,"column":25}},"5":{"start":{"line":41,"column":12},"end":{"line":41,"column":33}},"6":{"start":{"line":43,"column":12},"end":{"line":43,"column":25}},"7":{"start":{"line":54,"column":8},"end":{"line":57,"column":24}},"8":{"start":{"line":55,"column":12},"end":{"line":55,"column":44}},"9":{"start":{"line":57,"column":12},"end":{"line":57,"column":24}},"10":{"start":{"line":68,"column":8},"end":{"line":70,"column":64}},"11":{"start":{"line":81,"column":19},"end":{"line":81,"column":29}},"12":{"start":{"line":82,"column":8},"end":{"line":98,"column":24}},"13":{"start":{"line":83,"column":30},"end":{"line":83,"column":51}},"14":{"start":{"line":84,"column":28},"end":{"line":84,"column":53}},"15":{"start":{"line":85,"column":28},"end":{"line":85,"column":53}},"16":{"start":{"line":86,"column":12},"end":{"line":90,"column":14}},"17":{"start":{"line":91,"column":12},"end":{"line":96,"column":14}},"18":{"start":{"line":98,"column":12},"end":{"line":98,"column":24}},"19":{"start":{"line":100,"column":8},"end":{"line":100,"column":20}},"20":{"start":{"line":111,"column":20},"end":{"line":111,"column":59}},"21":{"start":{"line":112,"column":22},"end":{"line":112,"column":66}},"22":{"start":{"line":113,"column":21},"end":{"line":113,"column":39}},"23":{"start":{"line":114,"column":22},"end":{"line":114,"column":62}},"24":{"start":{"line":115,"column":24},"end":{"line":115,"column":66}},"25":{"start":{"line":116,"column":8},"end":{"line":116,"column":76}},"26":{"start":{"line":133,"column":27},"end":{"line":133,"column":34}},"27":{"start":{"line":134,"column":24},"end":{"line":134,"column":64}},"28":{"start":{"line":135,"column":22},"end":{"line":135,"column":60}},"29":{"start":{"line":137,"column":8},"end":{"line":150,"column":66}},"30":{"start":{"line":138,"column":12},"end":{"line":139,"column":74}},"31":{"start":{"line":140,"column":12},"end":{"line":146,"column":68}},"32":{"start":{"line":143,"column":16},"end":{"line":143,"column":40}},"33":{"start":{"line":145,"column":16},"end":{"line":146,"column":68}},"34":{"start":{"line":147,"column":15},"end":{"line":150,"column":66}},"35":{"start":{"line":148,"column":12},"end":{"line":150,"column":66}},"36":{"start":{"line":152,"column":8},"end":{"line":152,"column":27}},"37":{"start":{"line":165,"column":8},"end":{"line":171,"column":24}},"38":{"start":{"line":166,"column":12},"end":{"line":169,"column":54}},"39":{"start":{"line":171,"column":12},"end":{"line":171,"column":24}},"40":{"start":{"line":183,"column":18},"end":{"line":183,"column":38}},"41":{"start":{"line":184,"column":8},"end":{"line":184,"column":54}},"42":{"start":{"line":185,"column":25},"end":{"line":185,"column":27}},"43":{"start":{"line":186,"column":8},"end":{"line":191,"column":9}},"44":{"start":{"line":186,"column":21},"end":{"line":186,"column":41}},"45":{"start":{"line":187,"column":31},"end":{"line":188,"column":63}},"46":{"start":{"line":189,"column":12},"end":{"line":190,"column":43}},"47":{"start":{"line":190,"column":16},"end":{"line":190,"column":43}},"48":{"start":{"line":192,"column":8},"end":{"line":192,"column":26}},"49":{"start":{"line":207,"column":26},"end":{"line":207,"column":84}},"50":{"start":{"line":208,"column":8},"end":{"line":216,"column":9}},"51":{"start":{"line":208,"column":21},"end":{"line":208,"column":22}},"52":{"start":{"line":209,"column":31},"end":{"line":209,"column":94}},"53":{"start":{"line":210,"column":12},"end":{"line":214,"column":13}},"54":{"start":{"line":211,"column":35},"end":{"line":211,"column":58}},"55":{"start":{"line":212,"column":16},"end":{"line":213,"column":68}},"56":{"start":{"line":213,"column":20},"end":{"line":213,"column":68}},"57":{"start":{"line":217,"column":8},"end":{"line":217,"column":27}},"58":{"start":{"line":229,"column":8},"end":{"line":241,"column":9}},"59":{"start":{"line":230,"column":12},"end":{"line":230,"column":35}},"60":{"start":{"line":232,"column":12},"end":{"line":240,"column":13}},"61":{"start":{"line":232,"column":25},"end":{"line":232,"column":26}},"62":{"start":{"line":233,"column":16},"end":{"line":239,"column":17}},"63":{"start":{"line":234,"column":20},"end":{"line":234,"column":51}},"64":{"start":{"line":235,"column":20},"end":{"line":235,"column":26}},"65":{"start":{"line":236,"column":23},"end":{"line":239,"column":17}},"66":{"start":{"line":237,"column":20},"end":{"line":237,"column":43}},"67":{"start":{"line":238,"column":20},"end":{"line":238,"column":26}}},"fnMap":{"0":{"name":"(anonymous_0)","decl":{"start":{"line":26,"column":4},"end":{"line":26,"column":5}},"loc":{"start":{"line":26,"column":42},"end":{"line":28,"column":5}},"line":26},"1":{"name":"(anonymous_1)","decl":{"start":{"line":37,"column":4},"end":{"line":37,"column":5}},"loc":{"start":{"line":37,"column":74},"end":{"line":44,"column":5}},"line":37},"2":{"name":"(anonymous_2)","decl":{"start":{"line":53,"column":4},"end":{"line":53,"column":5}},"loc":{"start":{"line":53,"column":64},"end":{"line":58,"column":5}},"line":53},"3":{"name":"(anonymous_3)","decl":{"start":{"line":67,"column":4},"end":{"line":67,"column":5}},"loc":{"start":{"line":67,"column":70},"end":{"line":71,"column":5}},"line":67},"4":{"name":"(anonymous_4)","decl":{"start":{"line":80,"column":4},"end":{"line":80,"column":5}},"loc":{"start":{"line":80,"column":57},"end":{"line":101,"column":5}},"line":80},"5":{"name":"(anonymous_5)","decl":{"start":{"line":110,"column":4},"end":{"line":110,"column":5}},"loc":{"start":{"line":110,"column":44},"end":{"line":117,"column":5}},"line":110},"6":{"name":"(anonymous_6)","decl":{"start":{"line":132,"column":4},"end":{"line":132,"column":5}},"loc":{"start":{"line":132,"column":69},"end":{"line":153,"column":5}},"line":132},"7":{"name":"(anonymous_7)","decl":{"start":{"line":164,"column":4},"end":{"line":164,"column":5}},"loc":{"start":{"line":164,"column":61},"end":{"line":172,"column":5}},"line":164},"8":{"name":"(anonymous_8)","decl":{"start":{"line":182,"column":4},"end":{"line":182,"column":5}},"loc":{"start":{"line":182,"column":65},"end":{"line":193,"column":5}},"line":182},"9":{"name":"(anonymous_9)","decl":{"start":{"line":206,"column":4},"end":{"line":206,"column":5}},"loc":{"start":{"line":206,"column":94},"end":{"line":218,"column":5}},"line":206},"10":{"name":"(anonymous_10)","decl":{"start":{"line":228,"column":4},"end":{"line":228,"column":5}},"loc":{"start":{"line":228,"column":88},"end":{"line":242,"column":5}},"line":228}},"branchMap":{"0":{"loc":{"start":{"line":40,"column":8},"end":{"line":43,"column":25}},"type":"if","locations":[{"start":{"line":40,"column":8},"end":{"line":43,"column":25}},{"start":{"line":40,"column":8},"end":{"line":43,"column":25}}],"line":40},"1":{"loc":{"start":{"line":40,"column":12},"end":{"line":40,"column":44}},"type":"binary-expr","locations":[{"start":{"line":40,"column":12},"end":{"line":40,"column":26}},{"start":{"line":40,"column":30},"end":{"line":40,"column":44}}],"line":40},"2":{"loc":{"start":{"line":54,"column":8},"end":{"line":57,"column":24}},"type":"if","locations":[{"start":{"line":54,"column":8},"end":{"line":57,"column":24}},{"start":{"line":54,"column":8},"end":{"line":57,"column":24}}],"line":54},"3":{"loc":{"start":{"line":68,"column":15},"end":{"line":70,"column":63}},"type":"binary-expr","locations":[{"start":{"line":68,"column":15},"end":{"line":68,"column":39}},{"start":{"line":69,"column":15},"end":{"line":69,"column":34}},{"start":{"line":70,"column":15},"end":{"line":70,"column":63}}],"line":68},"4":{"loc":{"start":{"line":82,"column":8},"end":{"line":98,"column":24}},"type":"if","locations":[{"start":{"line":82,"column":8},"end":{"line":98,"column":24}},{"start":{"line":82,"column":8},"end":{"line":98,"column":24}}],"line":82},"5":{"loc":{"start":{"line":137,"column":8},"end":{"line":150,"column":66}},"type":"if","locations":[{"start":{"line":137,"column":8},"end":{"line":150,"column":66}},{"start":{"line":137,"column":8},"end":{"line":150,"column":66}}],"line":137},"6":{"loc":{"start":{"line":137,"column":12},"end":{"line":137,"column":95}},"type":"binary-expr","locations":[{"start":{"line":137,"column":12},"end":{"line":137,"column":30}},{"start":{"line":137,"column":34},"end":{"line":137,"column":50}},{"start":{"line":137,"column":54},"end":{"line":137,"column":95}}],"line":137},"7":{"loc":{"start":{"line":140,"column":12},"end":{"line":146,"column":68}},"type":"if","locations":[{"start":{"line":140,"column":12},"end":{"line":146,"column":68}},{"start":{"line":140,"column":12},"end":{"line":146,"column":68}}],"line":140},"8":{"loc":{"start":{"line":140,"column":16},"end":{"line":142,"column":58}},"type":"binary-expr","locations":[{"start":{"line":140,"column":16},"end":{"line":140,"column":63}},{"start":{"line":141,"column":19},"end":{"line":141,"column":60}},{"start":{"line":142,"column":19},"end":{"line":142,"column":58}}],"line":140},"9":{"loc":{"start":{"line":147,"column":15},"end":{"line":150,"column":66}},"type":"if","locations":[{"start":{"line":147,"column":15},"end":{"line":150,"column":66}},{"start":{"line":147,"column":15},"end":{"line":150,"column":66}}],"line":147},"10":{"loc":{"start":{"line":165,"column":8},"end":{"line":171,"column":24}},"type":"if","locations":[{"start":{"line":165,"column":8},"end":{"line":171,"column":24}},{"start":{"line":165,"column":8},"end":{"line":171,"column":24}}],"line":165},"11":{"loc":{"start":{"line":165,"column":12},"end":{"line":165,"column":61}},"type":"binary-expr","locations":[{"start":{"line":165,"column":12},"end":{"line":165,"column":37}},{"start":{"line":165,"column":41},"end":{"line":165,"column":61}}],"line":165},"12":{"loc":{"start":{"line":189,"column":12},"end":{"line":190,"column":43}},"type":"if","locations":[{"start":{"line":189,"column":12},"end":{"line":190,"column":43}},{"start":{"line":189,"column":12},"end":{"line":190,"column":43}}],"line":189},"13":{"loc":{"start":{"line":210,"column":12},"end":{"line":214,"column":13}},"type":"if","locations":[{"start":{"line":210,"column":12},"end":{"line":214,"column":13}},{"start":{"line":210,"column":12},"end":{"line":214,"column":13}}],"line":210},"14":{"loc":{"start":{"line":212,"column":16},"end":{"line":213,"column":68}},"type":"if","locations":[{"start":{"line":212,"column":16},"end":{"line":213,"column":68}},{"start":{"line":212,"column":16},"end":{"line":213,"column":68}}],"line":212},"15":{"loc":{"start":{"line":229,"column":8},"end":{"line":241,"column":9}},"type":"if","locations":[{"start":{"line":229,"column":8},"end":{"line":241,"column":9}},{"start":{"line":229,"column":8},"end":{"line":241,"column":9}}],"line":229},"16":{"loc":{"start":{"line":233,"column":16},"end":{"line":239,"column":17}},"type":"if","locations":[{"start":{"line":233,"column":16},"end":{"line":239,"column":17}},{"start":{"line":233,"column":16},"end":{"line":239,"column":17}}],"line":233},"17":{"loc":{"start":{"line":236,"column":23},"end":{"line":239,"column":17}},"type":"if","locations":[{"start":{"line":236,"column":23},"end":{"line":239,"column":17}},{"start":{"line":236,"column":23},"end":{"line":239,"column":17}}],"line":236}},"s":{"0":1,"1":1,"2":19,"3":19,"4":19,"5":17,"6":2,"7":196,"8":192,"9":4,"10":271,"11":62,"12":62,"13":44,"14":44,"15":44,"16":44,"17":44,"18":18,"19":62,"20":189,"21":189,"22":189,"23":189,"24":189,"25":189,"26":7,"27":7,"28":7,"29":7,"30":2,"31":2,"32":1,"33":1,"34":5,"35":1,"36":7,"37":12,"38":10,"39":2,"40":3,"41":3,"42":3,"43":3,"44":3,"45":185,"46":185,"47":185,"48":3,"49":1,"50":1,"51":1,"52":5,"53":5,"54":5,"55":5,"56":5,"57":1,"58":9,"59":4,"60":5,"61":5,"62":6,"63":2,"64":2,"65":4,"66":3,"67":3},"f":{"0":1,"1":19,"2":196,"3":271,"4":62,"5":189,"6":7,"7":12,"8":3,"9":1,"10":9},"b":{"0":[17,2],"1":[19,17],"2":[192,4],"3":[271,265,262],"4":[44,18],"5":[2,5],"6":[7,3,3],"7":[1,1],"8":[2,2,2],"9":[1,4],"10":[10,2],"11":[12,11],"12":[185,0],"13":[5,0],"14":[5,0],"15":[4,5],"16":[2,4],"17":[3,1]},"_coverageSchema":"1a1c01bbd47fc00a2c39e90264f33305004495a9","hash":"108f166f2d84e61aaf8504ff7f7e13e0c6d35992"}
}
