TN:
SF:utils/Planning.js
FN:26,(anonymous_0)
FN:37,(anonymous_1)
FN:53,(anonymous_2)
FN:67,(anonymous_3)
FN:80,(anonymous_4)
FN:110,(anonymous_5)
FN:132,(anonymous_6)
FN:164,(anonymous_7)
FN:182,(anonymous_8)
FN:206,(anonymous_9)
FN:228,(anonymous_10)
FNF:11
FNH:11
FNDA:1,(anonymous_0)
FNDA:19,(anonymous_1)
FNDA:196,(anonymous_2)
FNDA:271,(anonymous_3)
FNDA:62,(anonymous_4)
FNDA:189,(anonymous_5)
FNDA:7,(anonymous_6)
FNDA:12,(anonymous_7)
FNDA:3,(anonymous_8)
FNDA:1,(anonymous_9)
FNDA:9,(anonymous_10)
DA:18,1
DA:27,1
DA:38,19
DA:39,19
DA:40,19
DA:41,17
DA:43,2
DA:54,196
DA:55,192
DA:57,4
DA:68,271
DA:81,62
DA:82,62
DA:83,44
DA:84,44
DA:85,44
DA:86,44
DA:91,44
DA:98,18
DA:100,62
DA:111,189
DA:112,189
DA:113,189
DA:114,189
DA:115,189
DA:116,189
DA:133,7
DA:134,7
DA:135,7
DA:137,7
DA:138,2
DA:140,2
DA:143,1
DA:145,1
DA:147,5
DA:148,1
DA:152,7
DA:165,12
DA:166,10
DA:171,2
DA:183,3
DA:184,3
DA:185,3
DA:186,3
DA:187,185
DA:189,185
DA:190,185
DA:192,3
DA:207,1
DA:208,1
DA:209,5
DA:210,5
DA:211,5
DA:212,5
DA:213,5
DA:217,1
DA:229,9
DA:230,4
DA:232,5
DA:233,6
DA:234,2
DA:235,2
DA:236,4
DA:237,3
DA:238,3
LF:65
LH:65
BRDA:40,0,0,17
BRDA:40,0,1,2
BRDA:40,1,0,19
BRDA:40,1,1,17
BRDA:54,2,0,192
BRDA:54,2,1,4
BRDA:68,3,0,271
BRDA:68,3,1,265
BRDA:68,3,2,262
BRDA:82,4,0,44
BRDA:82,4,1,18
BRDA:137,5,0,2
BRDA:137,5,1,5
BRDA:137,6,0,7
BRDA:137,6,1,3
BRDA:137,6,2,3
BRDA:140,7,0,1
BRDA:140,7,1,1
BRDA:140,8,0,2
BRDA:140,8,1,2
BRDA:140,8,2,2
BRDA:147,9,0,1
BRDA:147,9,1,4
BRDA:165,10,0,10
BRDA:165,10,1,2
BRDA:165,11,0,12
BRDA:165,11,1,11
BRDA:189,12,0,185
BRDA:189,12,1,0
BRDA:210,13,0,5
BRDA:210,13,1,0
BRDA:212,14,0,5
BRDA:212,14,1,0
BRDA:229,15,0,4
BRDA:229,15,1,5
BRDA:233,16,0,2
BRDA:233,16,1,4
BRDA:236,17,0,3
BRDA:236,17,1,1
BRF:39
BRH:36
end_of_record
